[08:19:46] [ServerMain/INFO]: [bootstrap] Running Java 21 (OpenJDK 64-Bit Server VM 21.0.5+11-Ubuntu-1ubuntu120.04; Ubuntu null) on Linux 6.5.0-1025-azure (amd64)
[08:19:46] [ServerMain/INFO]: [bootstrap] Loading Paper 1.21-130-master@b1b5d4c (2024-08-10T10:02:42Z) for Minecraft 1.21
[08:19:46] [ServerMain/INFO]: [PluginInitializerManager] Initializing plugins...
[08:19:47] [ServerMain/INFO]: [PluginInitializerManager] Initialized 4 plugins
[08:19:47] [ServerMain/INFO]: [PluginInitializerManager] Bukkit plugins (4):
 - Geyser-Spigot (2.6.0-SNAPSHOT), SkinsRestorer (15.5.1), ViaVersion (5.2.0), floodgate (2.2.3-SNAPSHOT (b114-83fbd6e))
[08:19:51] [ServerMain/INFO]: Environment: Environment[sessionHost=https://sessionserver.mojang.com, servicesHost=https://api.minecraftservices.com, name=PROD]
[08:19:53] [ServerMain/INFO]: Loaded 1290 recipes
[08:19:53] [ServerMain/INFO]: Loaded 1399 advancements
[08:19:54] [Server thread/INFO]: Starting minecraft server version 1.21
[08:19:54] [Server thread/INFO]: Loading properties
[08:19:54] [Server thread/INFO]: This server is running Paper version 1.21-130-master@b1b5d4c (2024-08-10T10:02:42Z) (Implementing API version 1.21-R0.1-SNAPSHOT)
[08:19:54] [Server thread/INFO]: [spark] This server bundles the spark profiler. For more information please visit https://docs.papermc.io/paper/profiling
[08:19:54] [Server thread/INFO]: Server Ping Player Sample Count: 12
[08:19:54] [Server thread/INFO]: Using 4 threads for Netty based IO
[08:19:55] [Server thread/INFO]: [ChunkTaskScheduler] Chunk system is using 1 I/O threads, 1 worker threads, and population gen parallelism of 1 threads
[08:19:55] [Server thread/INFO]: Default game type: SURVIVAL
[08:19:55] [Server thread/INFO]: Generating keypair
[08:19:55] [Server thread/INFO]: Starting Minecraft server on *:25565
[08:19:55] [Server thread/INFO]: Using epoll channel type
[08:19:55] [Server thread/INFO]: Paper: Using libdeflate (Linux x86_64) compression from Velocity.
[08:19:55] [Server thread/INFO]: Paper: Using OpenSSL 1.1.x (Linux x86_64) cipher from Velocity.
[08:19:57] [Server thread/INFO]: [floodgate] Loading server plugin floodgate v2.2.3-SNAPSHOT (b114-83fbd6e)
[08:19:58] [Server thread/WARN]: [floodgate] en_ is not a supported Floodgate language.
[08:19:59] [Server thread/INFO]: [floodgate] Took 1,856ms to boot Floodgate
[08:19:59] [Server thread/INFO]: [ViaVersion] Loading server plugin ViaVersion v5.2.0
[08:19:59] [Server thread/INFO]: [ViaVersion] ViaVersion 5.2.0 is now loaded. Registering protocol transformers and injecting...
[08:19:59] [Via-Mappingloader-0/INFO]: [ViaVersion] Loading block connection mappings ...
[08:20:00] [Via-Mappingloader-0/INFO]: [ViaVersion] Using FastUtil Long2ObjectOpenHashMap for block connections
[08:20:01] [Server thread/INFO]: [Geyser-Spigot] Loading server plugin Geyser-Spigot v2.6.0-SNAPSHOT
[08:20:02] [Server thread/INFO]: [Geyser-Spigot] Loading extensions...
[08:20:02] [Server thread/INFO]: [Geyser-Spigot] Loaded 0 extension(s)
[08:20:02] [Server thread/INFO]: [SkinsRestorer] Loading server plugin SkinsRestorer v15.5.1
[08:20:02] [Server thread/INFO]: Server permissions file permissions.yml is empty, ignoring it
[08:20:02] [Server thread/INFO]: [SkinsRestorer] Enabling SkinsRestorer v15.5.1
[08:20:03] [Server thread/WARN]: [SkinsRestorer] You must agree to the rules at 'commands.perSkinPermissionsConsent' in the config to use per skin permissions.
[08:20:04] [Server thread/INFO]: [SkinsRestorer] Running on Minecraft 1.21.0.
[08:20:04] [Server thread/INFO]: [SkinsRestorer] Floodgate skin listener registered
[08:20:05] [Server thread/INFO]: [SkinsRestorer] Using paper join listener!
[08:20:05] [Server thread/WARN]: **** SERVER IS RUNNING IN OFFLINE/INSECURE MODE!
[08:20:05] [Server thread/WARN]: The server will make no attempt to authenticate usernames. Beware.
[08:20:05] [Server thread/WARN]: While this makes the game possible to play without internet access, it also opens up the ability for hackers to connect with any username they choose.
[08:20:05] [Server thread/WARN]: To change this, set "online-mode" to "true" in the server.properties file.
[08:20:05] [Server thread/INFO]: Preparing level "world"
[08:20:05] [Folia Async Scheduler Thread #1/INFO]: [SkinsRestorer] ----------------------------------------------
[08:20:05] [Folia Async Scheduler Thread #1/INFO]: [SkinsRestorer]     +==================+
[08:20:05] [Folia Async Scheduler Thread #1/INFO]: [SkinsRestorer]     |   SkinsRestorer  |
[08:20:05] [Folia Async Scheduler Thread #1/INFO]: [SkinsRestorer]     |------------------|
[08:20:05] [Folia Async Scheduler Thread #1/INFO]: [SkinsRestorer]     |  Standalone Mode |
[08:20:05] [Folia Async Scheduler Thread #1/INFO]: [SkinsRestorer]     +==================+
[08:20:05] [Folia Async Scheduler Thread #1/INFO]: [SkinsRestorer] ----------------------------------------------
[08:20:05] [Folia Async Scheduler Thread #1/INFO]: [SkinsRestorer]     Version: 15.5.1
[08:20:05] [Folia Async Scheduler Thread #1/INFO]: [SkinsRestorer]     Commit: d5d8613
[08:20:05] [Folia Async Scheduler Thread #1/INFO]: [SkinsRestorer]     This is the latest version!
[08:20:05] [Folia Async Scheduler Thread #1/INFO]: [SkinsRestorer] ----------------------------------------------
[08:20:05] [Folia Async Scheduler Thread #1/INFO]: [SkinsRestorer] Do you have issues? Read our troubleshooting guide: https://skinsrestorer.net/docs/troubleshooting
[08:20:05] [Folia Async Scheduler Thread #1/INFO]: [SkinsRestorer] Want to support SkinsRestorer? Consider donating: https://skinsrestorer.net/donate
[08:20:05] [Server thread/INFO]: Preparing start region for dimension minecraft:overworld
[08:20:06] [Server thread/INFO]: Time elapsed: 1073 ms
[08:20:06] [Server thread/INFO]: Preparing start region for dimension minecraft:the_nether
[08:20:07] [Server thread/INFO]: Time elapsed: 198 ms
[08:20:07] [Server thread/INFO]: Preparing start region for dimension minecraft:the_end
[08:20:07] [Server thread/INFO]: Time elapsed: 94 ms
[08:20:07] [Server thread/INFO]: [floodgate] Enabling floodgate v2.2.3-SNAPSHOT (b114-83fbd6e)
[08:20:07] [Server thread/INFO]: [ViaVersion] Enabling ViaVersion v5.2.0
[08:20:07] [Server thread/INFO]: [ViaVersion] ViaVersion detected server version: 1.21-1.21.1 (767)
[08:20:07] [Server thread/INFO]: [Geyser-Spigot] Enabling Geyser-Spigot v2.6.0-SNAPSHOT
[08:20:08] [Server thread/INFO]: [spark] Starting background profiler...
[08:20:08] [Server thread/INFO]: [Geyser-Spigot] ******************************************
[08:20:08] [Server thread/INFO]: [Geyser-Spigot] 
[08:20:08] [Server thread/INFO]: [Geyser-Spigot] Loading Geyser version 2.6.0-b739 (git-master-623ec2b)
[08:20:08] [Server thread/INFO]: [Geyser-Spigot] 
[08:20:08] [Server thread/INFO]: [Geyser-Spigot] ******************************************
[08:20:16] [epollEventLoopGroup-3-1/INFO]: [Geyser-Spigot] Started Geyser on UDP port 3550
[08:20:16] [Server thread/INFO]: [Geyser-Spigot] Done (7.212s)! Run /geyser help for help!
[08:20:16] [Server thread/INFO]: Done preparing level "world" (10.974s)
[08:20:16] [Server thread/INFO]: Running delayed init tasks
[08:20:16] [Server thread/INFO]: Done (30.650s)! For help, type "help"
[08:20:16] [Craft Scheduler Thread - 2 - ViaVersion/INFO]: [ViaVersion] Finished mapping loading, shutting down loader executor.
[08:20:16] [Server thread/INFO]: Timings Reset
[08:20:16] [Server thread/WARN]: [ViaVersion] There is a newer plugin version available: 5.2.1, you're on: 5.2.0
[08:20:38] [User Authenticator #0/INFO]: UUID of player LagTrainZ is ea186a45-40c1-36a2-942f-4734233c1aef
[08:20:41] [Server thread/INFO]: LagTrainZ joined the game
[08:20:41] [Server thread/INFO]: LagTrainZ[/127.205.196.112:33105] logged in with entity id 24 at ([world]195.52027973537358, 77.0, -110.72947941104768)
[08:23:15] [Server thread/INFO]: LagTrainZ issued server command: /time set day
[08:23:15] [Server thread/INFO]: [LagTrainZ: Set the time to 1000]
[08:36:14] [Server thread/INFO]: LagTrainZ lost connection: Timed out
[08:36:15] [Server thread/INFO]: LagTrainZ left the game
[08:36:23] [User Authenticator #1/INFO]: UUID of player LagTrainZ is ea186a45-40c1-36a2-942f-4734233c1aef
[08:36:25] [Server thread/INFO]: LagTrainZ joined the game
[08:36:25] [Server thread/INFO]: LagTrainZ[/127.205.196.112:45613] logged in with entity id 1678 at ([world]186.39618344638484, 77.0, -108.94546892425285)
[08:55:23] [Server thread/INFO]: LagTrainZ issued server command: /time set day
[08:55:23] [Server thread/INFO]: [LagTrainZ: Set the time to 1000]
[09:06:06] [Server thread/INFO]: LagTrainZ issued server command: /time set day
[09:06:06] [Server thread/INFO]: [LagTrainZ: Set the time to 1000]
[09:21:35] [Server thread/INFO]: LagTrainZ lost connection: Disconnected
[09:21:35] [Server thread/INFO]: LagTrainZ left the game
[09:21:45] [Server thread/INFO]: Stopping the server
[09:21:45] [Server thread/INFO]: Stopping server
[09:21:45] [Server thread/INFO]: [SkinsRestorer] Disabling SkinsRestorer v15.5.1
[09:21:45] [Server thread/INFO]: [Geyser-Spigot] Disabling Geyser-Spigot v2.6.0-SNAPSHOT
[09:21:45] [Server thread/INFO]: [Geyser-Spigot] Shutting down Geyser.
[09:21:46] [Server thread/INFO]: [Geyser-Spigot] Geyser shutdown successfully.
[09:21:46] [Server thread/INFO]: [ViaVersion] Disabling ViaVersion v5.2.0
[09:21:46] [Server thread/INFO]: [ViaVersion] ViaVersion has been disabled; uninjected the platform and shut down the scheduler.
[09:21:46] [Server thread/INFO]: [floodgate] Disabling floodgate v2.2.3-SNAPSHOT (b114-83fbd6e)
[09:21:46] [Server thread/INFO]: Saving players
[09:21:46] [WebSocketConnectReadThread-93/INFO]: [Geyser-Spigot] The skin uploader has been closed
[09:21:46] [Server thread/INFO]: Saving worlds
[09:21:46] [Server thread/INFO]: Saving chunks for level 'ServerLevel[world]'/minecraft:overworld
[09:21:46] [Server thread/INFO]: [ChunkHolderManager] Waiting 60s for chunk system to halt for world 'world'
[09:21:46] [Server thread/INFO]: [ChunkHolderManager] Halted chunk system for world 'world'
[09:21:46] [Server thread/INFO]: [ChunkHolderManager] Saving all chunkholders for world 'world'
[09:21:46] [Server thread/INFO]: [ChunkHolderManager] Saved 3 block chunks, 120 entity chunks, 0 poi chunks in world 'world' in 0.04s
[09:21:46] [Server thread/INFO]: Saving chunks for level 'ServerLevel[world_nether]'/minecraft:the_nether
[09:21:46] [Server thread/INFO]: [ChunkHolderManager] Waiting 60s for chunk system to halt for world 'world_nether'
[09:21:46] [Server thread/INFO]: [ChunkHolderManager] Halted chunk system for world 'world_nether'
[09:21:46] [Server thread/INFO]: [ChunkHolderManager] Saving all chunkholders for world 'world_nether'
[09:21:46] [Server thread/INFO]: [ChunkHolderManager] Saved 0 block chunks, 0 entity chunks, 0 poi chunks in world 'world_nether' in 0.00s
[09:21:46] [Server thread/INFO]: Saving chunks for level 'ServerLevel[world_the_end]'/minecraft:the_end
[09:21:46] [Server thread/INFO]: [ChunkHolderManager] Waiting 60s for chunk system to halt for world 'world_the_end'
[09:21:46] [Server thread/INFO]: [ChunkHolderManager] Halted chunk system for world 'world_the_end'
[09:21:46] [Server thread/INFO]: [ChunkHolderManager] Saving all chunkholders for world 'world_the_end'
[09:21:46] [Server thread/INFO]: [ChunkHolderManager] Saved 0 block chunks, 10 entity chunks, 0 poi chunks in world 'world_the_end' in 0.01s
[09:21:46] [Server thread/INFO]: ThreadedAnvilChunkStorage (world): All chunks are saved
[09:21:46] [Server thread/INFO]: ThreadedAnvilChunkStorage (DIM-1): All chunks are saved
[09:21:46] [Server thread/INFO]: ThreadedAnvilChunkStorage (DIM1): All chunks are saved
[09:21:46] [Server thread/INFO]: ThreadedAnvilChunkStorage: All dimensions are saved
